#
# There is insufficient memory for the Java Runtime Environment to continue.
# Native memory allocation (mmap) failed to map 132120576 bytes for Failed to commit area from 0x0000000082000000 to 0x0000000089e00000 of length 132120576.
# Possible reasons:
#   The system is out of physical RAM or swap space
#   The process is running with CompressedOops enabled, and the Java Heap may be blocking the growth of the native heap
# Possible solutions:
#   Reduce memory load on the system
#   Increase physical memory or swap space
#   Check if swap backing store is full
#   Decrease Java heap size (-Xmx/-Xms)
#   Decrease number of Java threads
#   Decrease Java thread stack sizes (-Xss)
#   Set larger code cache with -XX:ReservedCodeCacheSize=
# This output file may be truncated or incomplete.
#
#  Out of Memory Error (./src/hotspot/os/windows/os_windows.cpp:3301), pid=15984, tid=11052
#
# JRE version:  (11.0.10) (build )
# Java VM: OpenJDK 64-Bit Server VM (11.0.10+0-b96-7249189, mixed mode, sharing, tiered, compressed oops, g1 gc, windows-amd64)
# No core dump will be written. Minidumps are not enabled by default on client versions of Windows
#

---------------  S U M M A R Y ------------

Command Line: org.jetbrains.git4idea.http.GitAskPassApp Username for 'https://github.com': 

Host: Intel(R) Core(TM) i5-8265U CPU @ 1.60GHz, 8 cores, 7G,  Windows 10 , 64 bit Build 19041 (10.0.19041.1466)
Time: Fri Jan 28 19:42:17 2022 Пакистан (зима) elapsed time: 0.011390 seconds (0d 0h 0m 0s)

---------------  T H R E A D  ---------------

Current thread (0x000002726d4ab000):  JavaThread "Unknown thread" [_thread_in_vm, id=11052, stack(0x0000009033100000,0x0000009033200000)]

Stack: [0x0000009033100000,0x0000009033200000]
Native frames: (J=compiled Java code, j=interpreted, Vv=VM code, C=native code)
V  [jvm.dll+0x5ecfaa]
V  [jvm.dll+0x722bd5]
V  [jvm.dll+0x72412d]
V  [jvm.dll+0x7247e3]
V  [jvm.dll+0x242928]
V  [jvm.dll+0x5ea374]
V  [jvm.dll+0x5df425]
V  [jvm.dll+0x2fdebb]
V  [jvm.dll+0x2fde2a]
V  [jvm.dll+0x2fdd02]
V  [jvm.dll+0x302bf6]
V  [jvm.dll+0x34b2a3]
V  [jvm.dll+0x34b9a6]
V  [jvm.dll+0x34b3a3]
V  [jvm.dll+0x2d8888]
V  [jvm.dll+0x2d9a37]
V  [jvm.dll+0x701737]
V  [jvm.dll+0x702f2c]
V  [jvm.dll+0x3587d9]
V  [jvm.dll+0x6e4fae]
V  [jvm.dll+0x3c0be3]
V  [jvm.dll+0x3c2e91]
C  [jli.dll+0x5373]
C  [ucrtbase.dll+0x21bb2]
C  [KERNEL32.DLL+0x17034]
C  [ntdll.dll+0x52651]


---------------  P R O C E S S  ---------------

Threads class SMR info:
_java_thread_list=0x000002726baafc70, length=0, elements={
}

Java Threads: ( => current thread )

Other Threads:
  0x000002726d4c3000 GCTaskThread "GC Thread#0" [stack: 0x0000009033200000,0x0000009033300000] [id=15696]
  0x000002726d4f5000 ConcurrentGCThread "G1 Main Marker" [stack: 0x0000009033300000,0x0000009033400000] [id=17332]
  0x000002726d4f7800 ConcurrentGCThread "G1 Conc#0" [stack: 0x0000009033400000,0x0000009033500000] [id=17500]

[error occurred during error reporting (printing all threads), id 0xc0000005, EXCEPTION_ACCESS_VIOLATION (0xc0000005) at pc=0x00007ffa85309107]

VM state:not at safepoint (not fully initialized)

VM Mutex/Monitor currently owned by a thread:  ([mutex/lock_event])
[0x000002726d4a8370] Heap_lock - owner thread: 0x000002726d4ab000

Heap address: 0x0000000082000000, size: 2016 MB, Compressed Oops mode: Non-zero based: 0x0000000082000000
Narrow klass base: 0x0000000000000000, Narrow klass shift: 0

GC Heap History (0 events):
No events

Deoptimization events (0 events):
No events

Classes redefined (0 events):
No events

Internal exceptions (0 events):
No events

Events (1 events):
Event: 0.006 Loaded shared library C:\Program Files\Android\Android Studio\jre\bin\zip.dll


Dynamic libraries:
0x00007ff62e030000 - 0x00007ff62e03a000 	C:\Program Files\Android\Android Studio\jre\bin\java.exe
0x00007ffacb410000 - 0x00007ffacb605000 	C:\WINDOWS\SYSTEM32\ntdll.dll
0x00007ffacac20000 - 0x00007ffacacde000 	C:\WINDOWS\System32\KERNEL32.DLL
0x00007ffac8f40000 - 0x00007ffac9208000 	C:\WINDOWS\System32\KERNELBASE.dll
0x00007ffac8de0000 - 0x00007ffac8ee0000 	C:\WINDOWS\System32\ucrtbase.dll
0x00007ffab2e50000 - 0x00007ffab2e69000 	C:\Program Files\Android\Android Studio\jre\bin\jli.dll
0x00007ffab2d10000 - 0x00007ffab2d27000 	C:\Program Files\Android\Android Studio\jre\bin\VCRUNTIME140.dll
0x00007ffac94d0000 - 0x00007ffac9671000 	C:\WINDOWS\System32\USER32.dll
0x00007ffac8db0000 - 0x00007ffac8dd2000 	C:\WINDOWS\System32\win32u.dll
0x00007ffaaed50000 - 0x00007ffaaefea000 	C:\WINDOWS\WinSxS\amd64_microsoft.windows.common-controls_6595b64144ccf1df_6.0.19041.1110_none_60b5254171f9507e\COMCTL32.dll
0x00007ffac9bb0000 - 0x00007ffac9bdb000 	C:\WINDOWS\System32\GDI32.dll
0x00007ffaca940000 - 0x00007ffaca9de000 	C:\WINDOWS\System32\msvcrt.dll
0x00007ffac8ca0000 - 0x00007ffac8dad000 	C:\WINDOWS\System32\gdi32full.dll
0x00007ffac8b20000 - 0x00007ffac8bbd000 	C:\WINDOWS\System32\msvcp_win.dll
0x00007ffacb040000 - 0x00007ffacb070000 	C:\WINDOWS\System32\IMM32.DLL
0x00007ffa97400000 - 0x00007ffa9749d000 	C:\Program Files\Android\Android Studio\jre\bin\msvcp140.dll
0x00007ffa85020000 - 0x00007ffa85aef000 	C:\Program Files\Android\Android Studio\jre\bin\server\jvm.dll
0x00007ffac9f10000 - 0x00007ffac9fbe000 	C:\WINDOWS\System32\ADVAPI32.dll
0x00007ffacace0000 - 0x00007ffacad7c000 	C:\WINDOWS\System32\sechost.dll
0x00007ffac9be0000 - 0x00007ffac9d05000 	C:\WINDOWS\System32\RPCRT4.dll
0x00007ffaca0f0000 - 0x00007ffaca0f8000 	C:\WINDOWS\System32\PSAPI.DLL
0x00007ffaa8160000 - 0x00007ffaa8169000 	C:\WINDOWS\SYSTEM32\WSOCK32.dll
0x00007ffac7830000 - 0x00007ffac783a000 	C:\WINDOWS\SYSTEM32\VERSION.dll
0x00007ffaab270000 - 0x00007ffaab297000 	C:\WINDOWS\SYSTEM32\WINMM.dll
0x00007ffac9ea0000 - 0x00007ffac9f0b000 	C:\WINDOWS\System32\WS2_32.dll
0x00007ffac68d0000 - 0x00007ffac68e2000 	C:\WINDOWS\SYSTEM32\kernel.appcore.dll
0x00007ffac60e0000 - 0x00007ffac60f1000 	C:\Program Files\Android\Android Studio\jre\bin\verify.dll
0x00007ffac3420000 - 0x00007ffac3604000 	C:\WINDOWS\SYSTEM32\DBGHELP.DLL
0x00007ffaa7bf0000 - 0x00007ffaa7c1c000 	C:\WINDOWS\SYSTEM32\dbgcore.DLL
0x00007ffac93c0000 - 0x00007ffac9442000 	C:\WINDOWS\System32\bcryptPrimitives.dll
0x00007ffac0980000 - 0x00007ffac09a9000 	C:\Program Files\Android\Android Studio\jre\bin\java.dll
0x00007ffac6060000 - 0x00007ffac606b000 	C:\Program Files\Android\Android Studio\jre\bin\jimage.dll
0x00007ffac31d0000 - 0x00007ffac31e8000 	C:\Program Files\Android\Android Studio\jre\bin\zip.dll

dbghelp: loaded successfully - version: 4.0.5 - missing functions: none
symbol engine: initialized successfully - sym options: 0x614 - pdb path: .;C:\Program Files\Android\Android Studio\jre\bin;C:\WINDOWS\SYSTEM32;C:\WINDOWS\WinSxS\amd64_microsoft.windows.common-controls_6595b64144ccf1df_6.0.19041.1110_none_60b5254171f9507e;C:\Program Files\Android\Android Studio\jre\bin\server

VM Arguments:
java_command: org.jetbrains.git4idea.http.GitAskPassApp Username for 'https://github.com': 
java_class_path (initial): C:/Program Files/Android/Android Studio/plugins/git4idea/lib/git4idea-rt.jar;C:/Program Files/Android/Android Studio/lib/xmlrpc-2.0.1.jar;C:/Program Files/Android/Android Studio/lib/commons-codec-1.14.jar
Launcher Type: SUN_STANDARD

[Global flags]
     intx CICompilerCount                          = 4                                         {product} {ergonomic}
     uint ConcGCThreads                            = 2                                         {product} {ergonomic}
     uint G1ConcRefinementThreads                  = 8                                         {product} {ergonomic}
   size_t G1HeapRegionSize                         = 1048576                                   {product} {ergonomic}
    uintx GCDrainStackTargetSize                   = 64                                        {product} {ergonomic}
   size_t InitialHeapSize                          = 132120576                                 {product} {ergonomic}
   size_t MarkStackSize                            = 4194304                                   {product} {ergonomic}
   size_t MaxHeapSize                              = 2113929216                                {product} {ergonomic}
   size_t MinHeapDeltaBytes                        = 1048576                                   {product} {ergonomic}
    uintx NonNMethodCodeHeapSize                   = 5836300                                {pd product} {ergonomic}
    uintx NonProfiledCodeHeapSize                  = 122910970                              {pd product} {ergonomic}
    uintx ProfiledCodeHeapSize                     = 122910970                              {pd product} {ergonomic}
    uintx ReservedCodeCacheSize                    = 251658240                              {pd product} {ergonomic}
     bool SegmentedCodeCache                       = true                                      {product} {ergonomic}
     bool UseCompressedClassPointers               = true                                 {lp64_product} {ergonomic}
     bool UseCompressedOops                        = true                                 {lp64_product} {ergonomic}
     bool UseG1GC                                  = true                                      {product} {ergonomic}
     bool UseLargePagesIndividualAllocation        = false                                  {pd product} {ergonomic}

Logging:
Log output configuration:
 #0: stdout all=warning uptime,level,tags
 #1: stderr all=off uptime,level,tags

Environment Variables:
PATH=C:\Program Files\Git\mingw64\libexec\git-core;C:\Program Files\Git\mingw64\libexec\git-core;C:\Program Files\Git\mingw64\bin;C:\Program Files\Git\usr\bin;C:\Users\mobile\bin;#%C;C:\Program Files\Git\Windows\system32;C:\Windows;C:\Windows\System32\Wbem;C:\Windows\System32\WindowsPowerShell\v1.0;C:\Program Files\Microsoft SQL Server\100\Tools\Binn;C:\Program Files\Microsoft SQL Server\100\DTS\Binn;C:\Program Files\IVI Foundation\VISA\WinNT\Bin;C:\WinAVR-20100110\bin;C:\WinAVR-20100110\utils\bin;C:\Program Files\Git\usr\bin;C:\WINDOWS\system32;C:\WINDOWS;C:\WINDOWS\System32\Wbem;C:\WINDOWS\System32\WindowsPowerShell\v1.0;C:\WINDOWS\System32\OpenSSH;C:\Users\mobile\AppData\Local\Microsoft\WindowsApps
USERNAME=mobile
DISPLAY=:0.0
LC_ALL=en_US.UTF-8
OS=Windows_NT
PROCESSOR_IDENTIFIER=Intel64 Family 6 Model 142 Stepping 11, GenuineIntel



---------------  S Y S T E M  ---------------

OS: Windows 10 , 64 bit Build 19041 (10.0.19041.1466)
OS uptime: 3 days 10:39 hours

CPU:total 8 (initial active 8) (4 cores per cpu, 2 threads per core) family 6 model 142 stepping 11 microcode 0xde, cmov, cx8, fxsr, mmx, sse, sse2, sse3, ssse3, sse4.1, sse4.2, popcnt, avx, avx2, aes, clmul, erms, 3dnowpref, lzcnt, ht, tsc, tscinvbit, bmi1, bmi2, adx, fma

Memory: 4k page, system-wide physical 8062M (1036M free)
TotalPageFile size 9496M (AvailPageFile size 63M)
current process WorkingSet (physical memory assigned to process): 10M, peak: 10M
current process commit charge ("private bytes"): 60M, peak: 185M

vm_info: OpenJDK 64-Bit Server VM (11.0.10+0-b96-7249189) for windows-amd64 JRE (11.0.10+0-b96-7249189), built on Mar 31 2021 21:44:00 by "builder" with MS VC++ 14.0 (VS2015)

END.
